<?xml version="1.0" encoding="UTF-8"?>
<testng-results ignored="0" total="1" passed="1" failed="0" skipped="0">
  <reporter-output>
    <line>
      <![CDATA[Open Browser]]>
    </line>
    <line>
      <![CDATA[Login]]>
    </line>
    <line>
      <![CDATA[logout]]>
    </line>
    <line>
      <![CDATA[Close Browser]]>
    </line>
  </reporter-output>
  <suite started-at="2024-03-21T05:24:35 IST" name="Default suite" finished-at="2024-03-21T05:24:52 IST" duration-ms="16614">
    <groups>
    </groups>
    <test started-at="2024-03-21T05:24:35 IST" name="Default test" finished-at="2024-03-21T05:24:52 IST" duration-ms="16614">
      <class name="com.actitime.testscript.ProjectModule">
        <test-method is-config="true" signature="openBrowser()[pri:0, instance:com.actitime.testscript.ProjectModule@6e20b53a]" started-at="2024-03-21T05:24:35 IST" name="openBrowser" finished-at="2024-03-21T05:24:37 IST" duration-ms="1801" status="PASS">
          <reporter-output>
            <line>
              <![CDATA[Open Browser]]>
            </line>
          </reporter-output>
        </test-method> <!-- openBrowser -->
        <test-method is-config="true" signature="login()[pri:0, instance:com.actitime.testscript.ProjectModule@6e20b53a]" started-at="2024-03-21T05:24:37 IST" name="login" finished-at="2024-03-21T05:24:38 IST" duration-ms="478" status="PASS">
          <reporter-output>
            <line>
              <![CDATA[Login]]>
            </line>
          </reporter-output>
        </test-method> <!-- login -->
        <test-method signature="createproject()[pri:0, instance:com.actitime.testscript.ProjectModule@6e20b53a]" started-at="2024-03-21T05:24:38 IST" name="createproject" finished-at="2024-03-21T05:24:51 IST" duration-ms="13766" status="PASS">
          <reporter-output>
          </reporter-output>
        </test-method> <!-- createproject -->
        <test-method is-config="true" signature="logout()[pri:0, instance:com.actitime.testscript.ProjectModule@6e20b53a]" started-at="2024-03-21T05:24:51 IST" name="logout" finished-at="2024-03-21T05:24:52 IST" duration-ms="213" status="PASS">
          <reporter-output>
            <line>
              <![CDATA[logout]]>
            </line>
          </reporter-output>
        </test-method> <!-- logout -->
        <test-method is-config="true" signature="closeBrowser()[pri:0, instance:com.actitime.testscript.ProjectModule@6e20b53a]" started-at="2024-03-21T05:24:52 IST" name="closeBrowser" finished-at="2024-03-21T05:24:52 IST" duration-ms="325" status="PASS">
          <reporter-output>
            <line>
              <![CDATA[Close Browser]]>
            </line>
          </reporter-output>
        </test-method> <!-- closeBrowser -->
      </class> <!-- com.actitime.testscript.ProjectModule -->
    </test> <!-- Default test -->
  </suite> <!-- Default suite -->
</testng-results>
